<?xml version="1.0" encoding="UTF-8"?>
<!-- Generated by org.testng.reporters.JUnitReportReporter -->
<testsuite hostname="LDMXL0040GXH" failures="6" tests="133" name="runner.TestNGRunner" time="100.885" errors="0" timestamp="2023-03-10T16:30:06 EST" skipped="0">
  <testcase classname="runner.TestNGRunner" name="runScenario" time="4.073"/>
  <system-out/>
  <testcase classname="runner.TestNGRunner" name="runScenario" time="1.149"/>
  <system-out/>
  <testcase classname="runner.TestNGRunner" name="runScenario" time="0.690"/>
  <system-out/>
  <testcase classname="runner.TestNGRunner" name="runScenario" time="2.027"/>
  <system-out/>
  <testcase classname="runner.TestNGRunner" name="runScenario" time="0.517"/>
  <system-out/>
  <testcase classname="runner.TestNGRunner" name="runScenario" time="0.542"/>
  <system-out/>
  <testcase classname="runner.TestNGRunner" name="runScenario" time="0.443"/>
  <system-out/>
  <testcase classname="runner.TestNGRunner" name="runScenario" time="0.226"/>
  <system-out/>
  <testcase classname="runner.TestNGRunner" name="runScenario" time="0.496"/>
  <system-out/>
  <testcase classname="runner.TestNGRunner" name="runScenario" time="0.684"/>
  <system-out/>
  <testcase classname="runner.TestNGRunner" name="runScenario" time="0.272"/>
  <system-out/>
  <testcase classname="runner.TestNGRunner" name="runScenario" time="0.617"/>
  <system-out/>
  <testcase classname="runner.TestNGRunner" name="runScenario" time="0.245"/>
  <system-out/>
  <testcase classname="runner.TestNGRunner" name="runScenario" time="2.714"/>
  <system-out/>
  <testcase classname="runner.TestNGRunner" name="runScenario" time="0.313"/>
  <system-out/>
  <testcase classname="runner.TestNGRunner" name="runScenario" time="1.982"/>
  <system-out/>
  <testcase classname="runner.TestNGRunner" name="runScenario" time="0.341"/>
  <system-out/>
  <testcase classname="runner.TestNGRunner" name="runScenario" time="1.598"/>
  <system-out/>
  <testcase classname="runner.TestNGRunner" name="runScenario" time="0.399"/>
  <system-out/>
  <testcase classname="runner.TestNGRunner" name="runScenario" time="0.302"/>
  <system-out/>
  <testcase classname="runner.TestNGRunner" name="runScenario" time="1.275"/>
  <system-out/>
  <testcase classname="runner.TestNGRunner" name="runScenario" time="0.255"/>
  <system-out/>
  <testcase classname="runner.TestNGRunner" name="runScenario" time="0.543">
    <failure message="expected:&lt;[password_mismatch:The two password fields didn’t match].&gt; but was:&lt;[Password can’t be entirely numeric].&gt;" type="org.junit.ComparisonFailure">
      <![CDATA[org.junit.ComparisonFailure: expected:<[password_mismatch:The two password fields didn’t match].> but was:<[Password can’t be entirely numeric].>
at org.junit.Assert.assertEquals(Assert.java:117)
at org.junit.Assert.assertEquals(Assert.java:146)
at com.dsalgo.pageobjects.RegistrationPage.errormessagevalidation(RegistrationPage.java:81)
at StepdefinitionHomepage.Registration_Stepdef.it_should_display_an_error_message(Registration_Stepdef.java:114)
at ✽.It should display an error message "Password can’t be entirely numeric."(file:///C:/Users/bsethur/eclipse-workspace/ProjectWork/src/test/resources/features/2_Registration.feature:83)
]]>
    </failure>
  </testcase> <!-- runScenario -->
  <system-out/>
  <testcase classname="runner.TestNGRunner" name="runScenario" time="0.279"/>
  <system-out/>
  <testcase classname="runner.TestNGRunner" name="runScenario" time="0.531">
    <failure message="expected:&lt;[password_mismatch:The two password fields didn’t match.]&gt; but was:&lt;[Password can’t be commonly used password]&gt;" type="org.junit.ComparisonFailure">
      <![CDATA[org.junit.ComparisonFailure: expected:<[password_mismatch:The two password fields didn’t match.]> but was:<[Password can’t be commonly used password]>
at org.junit.Assert.assertEquals(Assert.java:117)
at org.junit.Assert.assertEquals(Assert.java:146)
at com.dsalgo.pageobjects.RegistrationPage.errormessagevalidation(RegistrationPage.java:81)
at StepdefinitionHomepage.Registration_Stepdef.it_should_display_an_error_message(Registration_Stepdef.java:114)
at ✽.It should display an error message "Password can’t be commonly used password"(file:///C:/Users/bsethur/eclipse-workspace/ProjectWork/src/test/resources/features/2_Registration.feature:99)
]]>
    </failure>
  </testcase> <!-- runScenario -->
  <system-out/>
  <testcase classname="runner.TestNGRunner" name="runScenario" time="0.370"/>
  <system-out/>
  <testcase classname="runner.TestNGRunner" name="runScenario" time="0.288"/>
  <system-out/>
  <testcase classname="runner.TestNGRunner" name="runScenario" time="0.343"/>
  <system-out/>
  <testcase classname="runner.TestNGRunner" name="runScenario" time="0.237"/>
  <system-out/>
  <testcase classname="runner.TestNGRunner" name="runScenario" time="0.383"/>
  <system-out/>
  <testcase classname="runner.TestNGRunner" name="runScenario" time="0.261"/>
  <system-out/>
  <testcase classname="runner.TestNGRunner" name="runScenario" time="0.277"/>
  <system-out/>
  <testcase classname="runner.TestNGRunner" name="runScenario" time="0.739"/>
  <system-out/>
  <testcase classname="runner.TestNGRunner" name="runScenario" time="0.711"/>
  <system-out/>
  <testcase classname="runner.TestNGRunner" name="runScenario" time="0.364"/>
  <system-out/>
  <testcase classname="runner.TestNGRunner" name="runScenario" time="0.849"/>
  <system-out/>
  <testcase classname="runner.TestNGRunner" name="runScenario" time="0.238"/>
  <system-out/>
  <testcase classname="runner.TestNGRunner" name="runScenario" time="0.228"/>
  <system-out/>
  <testcase classname="runner.TestNGRunner" name="runScenario" time="1.555"/>
  <system-out/>
  <testcase classname="runner.TestNGRunner" name="runScenario" time="1.784"/>
  <system-out/>
  <testcase classname="runner.TestNGRunner" name="runScenario" time="0.234"/>
  <system-out/>
  <testcase classname="runner.TestNGRunner" name="runScenario" time="1.391"/>
  <system-out/>
  <testcase classname="runner.TestNGRunner" name="runScenario" time="1.266"/>
  <system-out/>
  <testcase classname="runner.TestNGRunner" name="runScenario" time="0.233"/>
  <system-out/>
  <testcase classname="runner.TestNGRunner" name="runScenario" time="0.518"/>
  <system-out/>
  <testcase classname="runner.TestNGRunner" name="runScenario" time="0.299"/>
  <system-out/>
  <testcase classname="runner.TestNGRunner" name="runScenario" time="5.127"/>
  <system-out/>
  <testcase classname="runner.TestNGRunner" name="runScenario" time="0.631"/>
  <system-out/>
  <testcase classname="runner.TestNGRunner" name="runScenario" time="0.551"/>
  <system-out/>
  <testcase classname="runner.TestNGRunner" name="runScenario" time="0.314"/>
  <system-out/>
  <testcase classname="runner.TestNGRunner" name="runScenario" time="0.282"/>
  <system-out/>
  <testcase classname="runner.TestNGRunner" name="runScenario" time="0.432"/>
  <system-out/>
  <testcase classname="runner.TestNGRunner" name="runScenario" time="0.266"/>
  <system-out/>
  <testcase classname="runner.TestNGRunner" name="runScenario" time="0.379"/>
  <system-out/>
  <testcase classname="runner.TestNGRunner" name="runScenario" time="0.695"/>
  <system-out/>
  <testcase classname="runner.TestNGRunner" name="runScenario" time="0.337"/>
  <system-out/>
  <testcase classname="runner.TestNGRunner" name="runScenario" time="0.253"/>
  <system-out/>
  <testcase classname="runner.TestNGRunner" name="runScenario" time="0.693"/>
  <system-out/>
  <testcase classname="runner.TestNGRunner" name="runScenario" time="0.308"/>
  <system-out/>
  <testcase classname="runner.TestNGRunner" name="runScenario" time="0.255"/>
  <system-out/>
  <testcase classname="runner.TestNGRunner" name="runScenario" time="0.708">
    <failure message="expected:&lt;[password_mismatch:The two password fields didn’t match.]&gt; but was:&lt;[Please enter a valid username]&gt;" type="org.junit.ComparisonFailure">
      <![CDATA[org.junit.ComparisonFailure: expected:<[password_mismatch:The two password fields didn’t match.]> but was:<[Please enter a valid username]>
at org.junit.Assert.assertEquals(Assert.java:117)
at org.junit.Assert.assertEquals(Assert.java:146)
at com.dsalgo.pageobjects.RegistrationPage.errormessagevalidation(RegistrationPage.java:81)
at StepdefinitionHomepage.Registration_Stepdef.it_should_display_an_error_message(Registration_Stepdef.java:114)
at ✽.It should display an error message "Please enter a valid username"(file:///C:/Users/bsethur/eclipse-workspace/ProjectWork/src/test/resources/features/2_Registration.feature:51)
]]>
    </failure>
  </testcase> <!-- runScenario -->
  <system-out/>
  <testcase classname="runner.TestNGRunner" name="runScenario" time="0.406"/>
  <system-out/>
  <testcase classname="runner.TestNGRunner" name="runScenario" time="0.313"/>
  <system-out/>
  <testcase classname="runner.TestNGRunner" name="runScenario" time="0.279"/>
  <system-out/>
  <testcase classname="runner.TestNGRunner" name="runScenario" time="0.503"/>
  <system-out/>
  <testcase classname="runner.TestNGRunner" name="runScenario" time="2.175"/>
  <system-out/>
  <testcase classname="runner.TestNGRunner" name="runScenario" time="1.150"/>
  <system-out/>
  <testcase classname="runner.TestNGRunner" name="runScenario" time="0.235"/>
  <system-out/>
  <testcase classname="runner.TestNGRunner" name="runScenario" time="0.215"/>
  <system-out/>
  <testcase classname="runner.TestNGRunner" name="runScenario" time="0.364"/>
  <system-out/>
  <testcase classname="runner.TestNGRunner" name="runScenario" time="1.554"/>
  <system-out/>
  <testcase classname="runner.TestNGRunner" name="runScenario" time="0.510"/>
  <system-out/>
  <testcase classname="runner.TestNGRunner" name="runScenario" time="0.503"/>
  <system-out/>
  <testcase classname="runner.TestNGRunner" name="runScenario" time="0.297"/>
  <system-out/>
  <testcase classname="runner.TestNGRunner" name="runScenario" time="1.091"/>
  <system-out/>
  <testcase classname="runner.TestNGRunner" name="runScenario" time="0.213"/>
  <system-out/>
  <testcase classname="runner.TestNGRunner" name="runScenario" time="0.024"/>
  <system-out/>
  <testcase classname="runner.TestNGRunner" name="runScenario" time="0.257"/>
  <system-out/>
  <testcase classname="runner.TestNGRunner" name="runScenario" time="0.637">
    <failure message="expected:&lt;[password_mismatch:The two password fields didn’t match.]&gt; but was:&lt;[Password should contain at least 8 characters]&gt;" type="org.junit.ComparisonFailure">
      <![CDATA[org.junit.ComparisonFailure: expected:<[password_mismatch:The two password fields didn’t match.]> but was:<[Password should contain at least 8 characters]>
at org.junit.Assert.assertEquals(Assert.java:117)
at org.junit.Assert.assertEquals(Assert.java:146)
at com.dsalgo.pageobjects.RegistrationPage.errormessagevalidation(RegistrationPage.java:81)
at StepdefinitionHomepage.Registration_Stepdef.it_should_display_an_error_message(Registration_Stepdef.java:114)
at ✽.It should display an error message "Password should contain at least 8 characters"(file:///C:/Users/bsethur/eclipse-workspace/ProjectWork/src/test/resources/features/2_Registration.feature:75)
]]>
    </failure>
  </testcase> <!-- runScenario -->
  <system-out/>
  <testcase classname="runner.TestNGRunner" name="runScenario" time="0.989"/>
  <system-out/>
  <testcase classname="runner.TestNGRunner" name="runScenario" time="0.542"/>
  <system-out/>
  <testcase classname="runner.TestNGRunner" name="runScenario" time="0.269"/>
  <system-out/>
  <testcase classname="runner.TestNGRunner" name="runScenario" time="0.376"/>
  <system-out/>
  <testcase classname="runner.TestNGRunner" name="runScenario" time="0.668"/>
  <system-out/>
  <testcase classname="runner.TestNGRunner" name="runScenario" time="0.262"/>
  <system-out/>
  <testcase classname="runner.TestNGRunner" name="runScenario" time="0.404"/>
  <system-out/>
  <testcase classname="runner.TestNGRunner" name="runScenario" time="0.606"/>
  <system-out/>
  <testcase classname="runner.TestNGRunner" name="runScenario" time="0.757"/>
  <system-out/>
  <testcase classname="runner.TestNGRunner" name="runScenario" time="0.304"/>
  <system-out/>
  <testcase classname="runner.TestNGRunner" name="runScenario" time="1.855"/>
  <system-out/>
  <testcase classname="runner.TestNGRunner" name="runScenario" time="0.574"/>
  <system-out/>
  <testcase classname="runner.TestNGRunner" name="runScenario" time="0.302"/>
  <system-out/>
  <testcase classname="runner.TestNGRunner" name="runScenario" time="1.576"/>
  <system-out/>
  <testcase classname="runner.TestNGRunner" name="runScenario" time="0.212"/>
  <system-out/>
  <testcase classname="runner.TestNGRunner" name="runScenario" time="0.664"/>
  <system-out/>
  <testcase classname="runner.TestNGRunner" name="runScenario" time="1.533"/>
  <system-out/>
  <testcase classname="runner.TestNGRunner" name="runScenario" time="0.453"/>
  <system-out/>
  <testcase classname="runner.TestNGRunner" name="runScenario" time="1.733"/>
  <system-out/>
  <testcase classname="runner.TestNGRunner" name="runScenario" time="1.807"/>
  <system-out/>
  <testcase classname="runner.TestNGRunner" name="runScenario" time="2.102"/>
  <system-out/>
  <testcase classname="runner.TestNGRunner" name="runScenario" time="0.572"/>
  <system-out/>
  <testcase classname="runner.TestNGRunner" name="runScenario" time="0.250"/>
  <system-out/>
  <testcase classname="runner.TestNGRunner" name="runScenario" time="0.676"/>
  <system-out/>
  <testcase classname="runner.TestNGRunner" name="runScenario" time="0.293"/>
  <system-out/>
  <testcase classname="runner.TestNGRunner" name="runScenario" time="0.516"/>
  <system-out/>
  <testcase classname="runner.TestNGRunner" name="runScenario" time="0.261"/>
  <system-out/>
  <testcase classname="runner.TestNGRunner" name="runScenario" time="1.944"/>
  <system-out/>
  <testcase classname="runner.TestNGRunner" name="runScenario" time="0.515"/>
  <system-out/>
  <testcase classname="runner.TestNGRunner" name="runScenario" time="0.246"/>
  <system-out/>
  <testcase classname="runner.TestNGRunner" name="runScenario" time="0.243"/>
  <system-out/>
  <testcase classname="runner.TestNGRunner" name="runScenario" time="0.678"/>
  <system-out/>
  <testcase classname="runner.TestNGRunner" name="runScenario" time="1.869"/>
  <system-out/>
  <testcase classname="runner.TestNGRunner" name="runScenario" time="0.217"/>
  <system-out/>
  <testcase classname="runner.TestNGRunner" name="runScenario" time="0.233"/>
  <system-out/>
  <testcase classname="runner.TestNGRunner" name="runScenario" time="0.259"/>
  <system-out/>
  <testcase classname="runner.TestNGRunner" name="runScenario" time="0.280"/>
  <system-out/>
  <testcase classname="runner.TestNGRunner" name="runScenario" time="0.499">
    <failure message="expected:&lt;password[_mismatch:The two password fields didn’t match].&gt; but was:&lt;password[ can’t be too similar to your other personal information].&gt;" type="org.junit.ComparisonFailure">
      <![CDATA[org.junit.ComparisonFailure: expected:<password[_mismatch:The two password fields didn’t match].> but was:<password[ can’t be too similar to your other personal information].>
at org.junit.Assert.assertEquals(Assert.java:117)
at org.junit.Assert.assertEquals(Assert.java:146)
at com.dsalgo.pageobjects.RegistrationPage.errormessagevalidation(RegistrationPage.java:81)
at StepdefinitionHomepage.Registration_Stepdef.it_should_display_an_error_message(Registration_Stepdef.java:114)
at ✽.It should display an error message "password can’t be too similar to your other personal information."(file:///C:/Users/bsethur/eclipse-workspace/ProjectWork/src/test/resources/features/2_Registration.feature:91)
]]>
    </failure>
  </testcase> <!-- runScenario -->
  <system-out/>
  <testcase classname="runner.TestNGRunner" name="runScenario" time="0.270"/>
  <system-out/>
  <testcase classname="runner.TestNGRunner" name="runScenario" time="1.164"/>
  <system-out/>
  <testcase classname="runner.TestNGRunner" name="runScenario" time="0.296"/>
  <system-out/>
  <testcase classname="runner.TestNGRunner" name="runScenario" time="1.378"/>
  <system-out/>
  <testcase classname="runner.TestNGRunner" name="runScenario" time="0.683"/>
  <system-out/>
  <testcase classname="runner.TestNGRunner" name="runScenario" time="0.255"/>
  <system-out/>
  <testcase classname="runner.TestNGRunner" name="runScenario" time="0.343"/>
  <system-out/>
  <testcase classname="runner.TestNGRunner" name="runScenario" time="4.321"/>
  <system-out/>
  <testcase classname="runner.TestNGRunner" name="runScenario" time="0.540">
    <failure message="expected:&lt;[password_mismatch:The two password fields didn’t match.]&gt; but was:&lt;[Username already exists]&gt;" type="org.junit.ComparisonFailure">
      <![CDATA[org.junit.ComparisonFailure: expected:<[password_mismatch:The two password fields didn’t match.]> but was:<[Username already exists]>
at org.junit.Assert.assertEquals(Assert.java:117)
at org.junit.Assert.assertEquals(Assert.java:146)
at com.dsalgo.pageobjects.RegistrationPage.errormessagevalidation(RegistrationPage.java:81)
at StepdefinitionHomepage.Registration_Stepdef.it_should_display_an_error_message(Registration_Stepdef.java:114)
at ✽.It should display an error message "Username already exists"(file:///C:/Users/bsethur/eclipse-workspace/ProjectWork/src/test/resources/features/2_Registration.feature:59)
]]>
    </failure>
  </testcase> <!-- runScenario -->
  <system-out/>
  <testcase classname="runner.TestNGRunner" name="runScenario" time="0.660"/>
  <system-out/>
  <testcase classname="runner.TestNGRunner" name="runScenario" time="2.698"/>
  <system-out/>
  <testcase classname="runner.TestNGRunner" name="runScenario" time="0.522"/>
  <system-out/>
  <testcase classname="runner.TestNGRunner" name="runScenario" time="0.685"/>
  <system-out/>
  <testcase classname="runner.TestNGRunner" name="runScenario" time="0.344"/>
  <system-out/>
  <testcase classname="runner.TestNGRunner" name="runScenario" time="1.646"/>
  <system-out/>
  <testcase classname="runner.TestNGRunner" name="runScenario" time="0.503"/>
  <system-out/>
</testsuite> <!-- runner.TestNGRunner -->
